# JRE version: OpenJDK Runtime Environment (8.0_112-b06) (build 1.8.0_112-release-b06)
# Java VM: OpenJDK 64-Bit Server VM (25.112-b06 mixed mode windows-amd64 compressed oops)
Heap:
 PSYoungGen      total 356352K, used 314414K [0x00000000e0000000, 0x0000000100000000, 0x0000000100000000)
  eden space 203776K, 100% used [0x00000000e0000000,0x00000000ec700000,0x00000000ec700000)
  from space 152576K, 72% used [0x00000000f6b00000,0x00000000fd70baa8,0x0000000100000000)
  to   space 160256K, 0% used [0x00000000ec700000,0x00000000ec760000,0x00000000f6380000)
 ParOldGen       total 598528K, used 411092K [0x00000000a0000000, 0x00000000c4880000, 0x00000000e0000000)
  object space 598528K, 68% used [0x00000000a0000000,0x00000000b91750d0,0x00000000c4880000)
 Metaspace       used 70769K, capacity 74094K, committed 74584K, reserved 1114112K
  class space    used 9035K, capacity 9666K, committed 9816K, reserved 1048576K
GC Heap History (10 events):
Event: 415.716 GC heap before
{Heap before GC invocations=35 (full 4):
 PSYoungGen      total 439808K, used 429055K [0x00000000e0000000, 0x0000000100000000, 0x0000000100000000)
  eden space 366592K, 100% used [0x00000000e0000000,0x00000000f6600000,0x00000000f6600000)
  from space 73216K, 85% used [0x00000000fb880000,0x00000000ff57fca0,0x0000000100000000)
  to   space 78848K, 0% used [0x00000000f6600000,0x00000000f6600000,0x00000000fb300000)
 ParOldGen       total 357376K, used 269120K [0x00000000a0000000, 0x00000000b5d00000, 0x00000000e0000000)
  object space 357376K, 75% used [0x00000000a0000000,0x00000000b06d0310,0x00000000b5d00000)
 Metaspace       used 70769K, capacity 74094K, committed 74584K, reserved 1114112K
  class space    used 9035K, capacity 9666K, committed 9816K, reserved 1048576K
Event: 415.777 GC heap after
Heap after GC invocations=35 (full 4):
 PSYoungGen      total 445440K, used 78818K [0x00000000e0000000, 0x0000000100000000, 0x0000000100000000)
  eden space 366592K, 0% used [0x00000000e0000000,0x00000000e0000000,0x00000000f6600000)
  from space 78848K, 99% used [0x00000000f6600000,0x00000000fb2f8bb0,0x00000000fb300000)
  to   space 78848K, 0% used [0x00000000fb300000,0x00000000fb300000,0x0000000100000000)
 ParOldGen       total 357376K, used 305036K [0x00000000a0000000, 0x00000000b5d00000, 0x00000000e0000000)
  object space 357376K, 85% used [0x00000000a0000000,0x00000000b29e30a0,0x00000000b5d00000)
 Metaspace       used 70769K, capacity 74094K, committed 74584K, reserved 1114112K
  class space    used 9035K, capacity 9666K, committed 9816K, reserved 1048576K
}
Event: 416.076 GC heap before
{Heap before GC invocations=36 (full 4):
 PSYoungGen      total 445440K, used 445410K [0x00000000e0000000, 0x0000000100000000, 0x0000000100000000)
  eden space 366592K, 100% used [0x00000000e0000000,0x00000000f6600000,0x00000000f6600000)
  from space 78848K, 99% used [0x00000000f6600000,0x00000000fb2f8bb0,0x00000000fb300000)
  to   space 78848K, 0% used [0x00000000fb300000,0x00000000fb300000,0x0000000100000000)
 ParOldGen       total 357376K, used 305036K [0x00000000a0000000, 0x00000000b5d00000, 0x00000000e0000000)
  object space 357376K, 85% used [0x00000000a0000000,0x00000000b29e30a0,0x00000000b5d00000)
 Metaspace       used 70769K, capacity 74094K, committed 74584K, reserved 1114112K
  class space    used 9035K, capacity 9666K, committed 9816K, reserved 1048576K
Event: 416.172 GC heap after
Heap after GC invocations=36 (full 4):
 PSYoungGen      total 289792K, used 78837K [0x00000000e0000000, 0x0000000100000000, 0x0000000100000000)
  eden space 210944K, 0% used [0x00000000e0000000,0x00000000e0000000,0x00000000ece00000)
  from space 78848K, 99% used [0x00000000fb300000,0x00000000ffffd4c8,0x0000000100000000)
  to   space 156672K, 0% used [0x00000000ece00000,0x00000000ece00000,0x00000000f6700000)
 ParOldGen       total 435712K, used 434890K [0x00000000a0000000, 0x00000000ba980000, 0x00000000e0000000)
  object space 435712K, 99% used [0x00000000a0000000,0x00000000ba8b2b60,0x00000000ba980000)
 Metaspace       used 70769K, capacity 74094K, committed 74584K, reserved 1114112K
  class space    used 9035K, capacity 9666K, committed 9816K, reserved 1048576K
}
Event: 416.172 GC heap before
{Heap before GC invocations=37 (full 5):
 PSYoungGen      total 289792K, used 78837K [0x00000000e0000000, 0x0000000100000000, 0x0000000100000000)
  eden space 210944K, 0% used [0x00000000e0000000,0x00000000e0000000,0x00000000ece00000)
  from space 78848K, 99% used [0x00000000fb300000,0x00000000ffffd4c8,0x0000000100000000)
  to   space 156672K, 0% used [0x00000000ece00000,0x00000000ece00000,0x00000000f6700000)
 ParOldGen       total 435712K, used 434890K [0x00000000a0000000, 0x00000000ba980000, 0x00000000e0000000)
  object space 435712K, 99% used [0x00000000a0000000,0x00000000ba8b2b60,0x00000000ba980000)
 Metaspace       used 70769K, capacity 74094K, committed 74584K, reserved 1114112K
  class space    used 9035K, capacity 9666K, committed 9816K, reserved 1048576K
Event: 416.656 GC heap after
Heap after GC invocations=37 (full 5):
 PSYoungGen      total 289792K, used 0K [0x00000000e0000000, 0x0000000100000000, 0x0000000100000000)
  eden space 210944K, 0% used [0x00000000e0000000,0x00000000e0000000,0x00000000ece00000)
  from space 78848K, 0% used [0x00000000fb300000,0x00000000fb300000,0x0000000100000000)
  to   space 156672K, 0% used [0x00000000ece00000,0x00000000ece00000,0x00000000f6700000)
 ParOldGen       total 598528K, used 338644K [0x00000000a0000000, 0x00000000c4880000, 0x00000000e0000000)
  object space 598528K, 56% used [0x00000000a0000000,0x00000000b4ab51e0,0x00000000c4880000)
 Metaspace       used 70769K, capacity 74094K, committed 74584K, reserved 1114112K
  class space    used 9035K, capacity 9666K, committed 9816K, reserved 1048576K
}
Event: 417.014 GC heap before
{Heap before GC invocations=38 (full 5):
 PSYoungGen      total 289792K, used 210944K [0x00000000e0000000, 0x0000000100000000, 0x0000000100000000)
  eden space 210944K, 100% used [0x00000000e0000000,0x00000000ece00000,0x00000000ece00000)
  from space 78848K, 0% used [0x00000000fb300000,0x00000000fb300000,0x0000000100000000)
  to   space 156672K, 0% used [0x00000000ece00000,0x00000000ece00000,0x00000000f6700000)
 ParOldGen       total 598528K, used 338644K [0x00000000a0000000, 0x00000000c4880000, 0x00000000e0000000)
  object space 598528K, 56% used [0x00000000a0000000,0x00000000b4ab51e0,0x00000000c4880000)
 Metaspace       used 70769K, capacity 74094K, committed 74584K, reserved 1114112K
  class space    used 9035K, capacity 9666K, committed 9816K, reserved 1048576K
Event: 417.064 GC heap after
Heap after GC invocations=38 (full 5):
 PSYoungGen      total 367616K, used 78166K [0x00000000e0000000, 0x0000000100000000, 0x0000000100000000)
  eden space 210944K, 0% used [0x00000000e0000000,0x00000000e0000000,0x00000000ece00000)
  from space 156672K, 49% used [0x00000000ece00000,0x00000000f1a55b10,0x00000000f6700000)
  to   space 152576K, 0% used [0x00000000f6b00000,0x00000000f6b00000,0x0000000100000000)
 ParOldGen       total 598528K, used 338644K [0x00000000a0000000, 0x00000000c4880000, 0x00000000e0000000)
  object space 598528K, 56% used [0x00000000a0000000,0x00000000b4ab51e0,0x00000000c4880000)
 Metaspace       used 70769K, capacity 74094K, committed 74584K, reserved 1114112K
  class space    used 9035K, capacity 9666K, committed 9816K, reserved 1048576K
}
Event: 417.196 GC heap before
{Heap before GC invocations=39 (full 5):
 PSYoungGen      total 367616K, used 289110K [0x00000000e0000000, 0x0000000100000000, 0x0000000100000000)
  eden space 210944K, 100% used [0x00000000e0000000,0x00000000ece00000,0x00000000ece00000)
  from space 156672K, 49% used [0x00000000ece00000,0x00000000f1a55b10,0x00000000f6700000)
  to   space 152576K, 0% used [0x00000000f6b00000,0x00000000f6b00000,0x0000000100000000)
 ParOldGen       total 598528K, used 338644K [0x00000000a0000000, 0x00000000c4880000, 0x00000000e0000000)
  object space 598528K, 56% used [0x00000000a0000000,0x00000000b4ab51e0,0x00000000c4880000)
 Metaspace       used 70769K, capacity 74094K, committed 74584K, reserved 1114112K
  class space    used 9035K, capacity 9666K, committed 9816K, reserved 1048576K
Event: 417.276 GC heap after
Heap after GC invocations=39 (full 5):
 PSYoungGen      total 356352K, used 110638K [0x00000000e0000000, 0x0000000100000000, 0x0000000100000000)
  eden space 203776K, 0% used [0x00000000e0000000,0x00000000e0000000,0x00000000ec700000)
  from space 152576K, 72% used [0x00000000f6b00000,0x00000000fd70baa8,0x0000000100000000)
  to   space 160256K, 0% used [0x00000000ec700000,0x00000000ec700000,0x00000000f6380000)
 ParOldGen       total 598528K, used 410953K [0x00000000a0000000, 0x00000000c4880000, 0x00000000e0000000)
  object space 598528K, 68% used [0x00000000a0000000,0x00000000b91524b0,0x00000000c4880000)
 Metaspace       used 70769K, capacity 74094K, committed 74584K, reserved 1114112K
  class space    used 9035K, capacity 9666K, committed 9816K, reserved 1048576K
}

